\BOOKMARK [0][-]{chapter*.1}{\376\377\000L\036\335\000i\000\040\000c\000a\000m\000\040\001\021\000o\000a\000n}{}% 1
\BOOKMARK [0][-]{chapter*.2}{\376\377\000L\036\335\000i\000\040\000c\036\243\000m\000\040\001\241\000n}{}% 2
\BOOKMARK [0][-]{chapter*.3}{\376\377\000T\000\363\000m\000\040\000t\036\257\000t}{}% 3
\BOOKMARK [0][-]{chapter*.3}{\376\377\000D\000a\000n\000h\000\040\000m\036\345\000c\000\040\000h\000\354\000n\000h\000\040\000v\036\275}{}% 4
\BOOKMARK [0][-]{chapter*.3}{\376\377\000D\000a\000n\000h\000\040\000m\036\345\000c\000\040\000b\036\243\000n\000g\000\040\000b\000i\036\303\000u}{}% 5
\BOOKMARK [0][-]{chapter*.5}{\376\377\000D\000a\000n\000h\000\040\000m\036\345\000c\000\040\000c\000\341\000c\000\040\000k\000\375\000\040\000h\000i\036\307\000u\000\040\000v\000\340\000\040\000c\000h\036\357\000\040\000v\000i\036\277\000t\000\040\000t\036\257\000t}{}% 6
\BOOKMARK [0][-]{section*.6}{\376\377\000M\036\337\000\040\001\021\036\247\000u}{}% 7
\BOOKMARK [1][-]{section.0.1}{\376\377\000L\000\375\000\040\000d\000o\000\040\000c\000h\036\315\000n\000\040\001\021\036\301\000\040\000t\000\340\000i}{section*.6}% 8
\BOOKMARK [1][-]{section.0.2}{\376\377\000M\036\345\000c\000\040\000t\000i\000\352\000u\000\040\000n\000g\000h\000i\000\352\000n\000\040\000c\036\351\000u}{section*.6}% 9
\BOOKMARK [1][-]{section.0.3}{\376\377\000P\000h\001\260\001\241\000n\000g\000\040\000p\000h\000\341\000p\000\040\000n\000g\000h\000i\000\352\000n\000\040\000c\036\351\000u}{section*.6}% 10
\BOOKMARK [2][-]{subsection.0.3.1}{\376\377\000N\000g\000h\000i\000\352\000n\000\040\000c\036\351\000u\000\040\000l\000\375\000\040\000t\000h\000u\000y\036\277\000t}{section.0.3}% 11
\BOOKMARK [2][-]{subsection.0.3.2}{\376\377\000P\000h\000\341\000t\000\040\000t\000r\000i\036\303\000n\000\040\000h\036\307\000\040\000t\000h\036\321\000n\000g}{section.0.3}% 12
\BOOKMARK [2][-]{subsection.0.3.3}{\376\377\000T\036\321\000i\000\040\001\260\000u\000\040\000h\000\363\000a\000\040\000v\000\340\000\040\000t\000h\036\361\000c\000\040\000n\000g\000h\000i\036\307\000m}{section.0.3}% 13
\BOOKMARK [1][-]{section.0.4}{\376\377\000N\036\331\000i\000\040\000d\000u\000n\000g\000\040\000n\000g\000h\000i\000\352\000n\000\040\000c\036\351\000u}{section*.6}% 14
\BOOKMARK [1][-]{section.0.5}{\376\377\001\020\000\363\000n\000g\000\040\000g\000\363\000p\000\040\000c\036\347\000a\000\040\001\021\036\301\000\040\000t\000\340\000i}{section*.6}% 15
\BOOKMARK [1][-]{section.0.6}{\376\377\000B\036\321\000\040\000c\036\345\000c\000\040\000c\036\347\000a\000\040\000b\000\341\000o\000\040\000c\000\341\000o}{section*.6}% 16
\BOOKMARK [0][-]{chapter.1}{\376\377\000T\036\324\000N\000G\000\040\000Q\000U\000A\000N\000\040\000V\000\300\000\040\000C\001\240\000\040\000S\036\336\000\040\000L\000\335\000\040\000T\000H\000U\000Y\036\276\000T}{}% 17
\BOOKMARK [1][-]{section.1.1}{\376\377\000G\000i\036\333\000i\000\040\000t\000h\000i\036\307\000u\000\040\000v\036\301\000\040\000R\000o\000g\000u\000e\000l\000i\000k\000e\000\040\000D\000e\000c\000k\000b\000u\000i\000l\000d\000e\000r}{chapter.1}% 18
\BOOKMARK [2][-]{subsection.1.1.1}{\376\377\000R\000o\000g\000u\000e\000l\000i\000k\000e}{section.1.1}% 19
\BOOKMARK [2][-]{subsection.1.1.2}{\376\377\000D\000e\000c\000k\000b\000u\000i\000l\000d\000e\000r}{section.1.1}% 20
\BOOKMARK [2][-]{subsection.1.1.3}{\376\377\000R\000o\000g\000u\000e\000l\000i\000k\000e\000\040\000D\000e\000c\000k\000b\000u\000i\000l\000d\000e\000r}{section.1.1}% 21
\BOOKMARK [1][-]{section.1.2}{\376\377\000T\000h\000u\036\255\000t\000\040\000t\000o\000\341\000n\000\040\000D\000i\000\040\000t\000r\000u\000y\036\301\000n\000\040\000\050\000G\000e\000n\000e\000t\000i\000c\000\040\000A\000l\000g\000o\000r\000i\000t\000h\000m\000\051}{chapter.1}% 22
\BOOKMARK [2][-]{subsection.1.2.1}{\376\377\000C\000\341\000c\000\040\000t\000h\000\340\000n\000h\000\040\000p\000h\036\247\000n\000\040\000c\000h\000\355\000n\000h}{section.1.2}% 23
\BOOKMARK [2][-]{subsection.1.2.2}{\376\377\000Q\000u\000y\000\040\000t\000r\000\354\000n\000h\000\040\000h\000o\036\241\000t\000\040\001\021\036\331\000n\000g}{section.1.2}% 24
\BOOKMARK [1][-]{section.1.3}{\376\377\000N\000S\000G\000A\000-\000I\000I\000\040\000-\000\040\000M\000u\000l\000t\000i\000-\000O\000b\000j\000e\000c\000t\000i\000v\000e\000\040\000O\000p\000t\000i\000m\000i\000z\000a\000t\000i\000o\000n}{chapter.1}% 25
\BOOKMARK [2][-]{subsection.1.3.1}{\376\377\000B\000\340\000i\000\040\000t\000o\000\341\000n\000\040\000t\036\321\000i\000\040\001\260\000u\000\040\001\021\000a\000\040\000m\036\345\000c\000\040\000t\000i\000\352\000u}{section.1.3}% 26
\BOOKMARK [2][-]{subsection.1.3.2}{\376\377\000T\000h\000u\036\255\000t\000\040\000t\000o\000\341\000n\000\040\000N\000S\000G\000A\000-\000I\000I}{section.1.3}% 27
\BOOKMARK [1][-]{section.1.4}{\376\377\000G\000a\000m\000e\000\040\000B\000a\000l\000a\000n\000c\000i\000n\000g\000\040\000-\000\040\000C\000\342\000n\000\040\000b\036\261\000n\000g\000\040\000t\000r\000\362\000\040\000c\000h\001\241\000i}{chapter.1}% 28
\BOOKMARK [2][-]{subsection.1.4.1}{\376\377\000T\036\247\000m\000\040\000q\000u\000a\000n\000\040\000t\000r\036\315\000n\000g\000\040\000c\036\347\000a\000\040\000G\000a\000m\000e\000\040\000B\000a\000l\000a\000n\000c\000i\000n\000g}{section.1.4}% 29
\BOOKMARK [2][-]{subsection.1.4.2}{\376\377\000C\000\341\000c\000\040\000p\000h\001\260\001\241\000n\000g\000\040\000p\000h\000\341\000p\000\040\000c\000\342\000n\000\040\000b\036\261\000n\000g\000\040\000t\000r\000u\000y\036\301\000n\000\040\000t\000h\036\321\000n\000g}{section.1.4}% 30
\BOOKMARK [2][-]{subsection.1.4.3}{\376\377\000T\000h\000\341\000c\000h\000\040\000t\000h\036\351\000c\000\040\000t\000r\000o\000n\000g\000\040\000a\000u\000t\000o\000m\000a\000t\000e\000d\000\040\000g\000a\000m\000e\000\040\000b\000a\000l\000a\000n\000c\000i\000n\000g}{section.1.4}% 31
\BOOKMARK [1][-]{section.1.5}{\376\377\000C\000\341\000c\000\040\000n\000g\000h\000i\000\352\000n\000\040\000c\036\351\000u\000\040\000l\000i\000\352\000n\000\040\000q\000u\000a\000n}{chapter.1}% 32
\BOOKMARK [2][-]{subsection.1.5.1}{\376\377\000P\000r\000o\000c\000e\000d\000u\000r\000a\000l\000\040\000C\000o\000n\000t\000e\000n\000t\000\040\000G\000e\000n\000e\000r\000a\000t\000i\000o\000n}{section.1.5}% 33
\BOOKMARK [2][-]{subsection.1.5.2}{\376\377\000A\000u\000t\000o\000m\000a\000t\000e\000d\000\040\000G\000a\000m\000e\000\040\000B\000a\000l\000a\000n\000c\000i\000n\000g}{section.1.5}% 34
\BOOKMARK [0][-]{chapter.2}{\376\377\000P\000H\000\302\000N\000\040\000T\000\315\000C\000H\000\040\000V\000\300\000\040\000T\000H\000I\036\276\000T\000\040\000K\036\276\000\040\000H\036\306\000\040\000T\000H\036\320\000N\000G}{}% 35
\BOOKMARK [1][-]{section.2.1}{\376\377\000P\000h\000\342\000n\000\040\000t\000\355\000c\000h\000\040\000y\000\352\000u\000\040\000c\036\247\000u}{chapter.2}% 36
\BOOKMARK [2][-]{subsection.2.1.1}{\376\377\000M\036\345\000c\000\040\000t\000i\000\352\000u\000\040\000h\036\307\000\040\000t\000h\036\321\000n\000g}{section.2.1}% 37
\BOOKMARK [2][-]{subsection.2.1.2}{\376\377\000K\000i\036\277\000n\000\040\000t\000r\000\372\000c\000\040\000t\036\325\000n\000g\000\040\000t\000h\036\303}{section.2.1}% 38
\BOOKMARK [1][-]{section.2.2}{\376\377\000T\000h\000i\036\277\000t\000\040\000k\036\277\000\040\000c\000h\000i\000\040\000t\000i\036\277\000t\000\040\000c\000\341\000c\000\040\000m\000o\000d\000u\000l\000e}{chapter.2}% 39
\BOOKMARK [2][-]{subsection.2.2.1}{\376\377\000G\000e\000n\000o\000m\000e\000\040\000R\000e\000p\000r\000e\000s\000e\000n\000t\000a\000t\000i\000o\000n}{section.2.2}% 40
\BOOKMARK [2][-]{subsection.2.2.2}{\376\377\000A\000I\000\040\000A\000g\000e\000n\000t\000\040\000D\000e\000s\000i\000g\000n\000\040\000\050\000H\000e\000u\000r\000i\000s\000t\000i\000c\000P\000l\000a\000y\000e\000r\000A\000I\000\051}{section.2.2}% 41
\BOOKMARK [2][-]{subsection.2.2.3}{\376\377\000D\000a\000t\000a\000\040\000F\000l\000o\000w\000\040\000D\000i\000a\000g\000r\000a\000m}{section.2.2}% 42
\BOOKMARK [2][-]{subsection.2.2.4}{\376\377\000C\000o\000m\000b\000a\000t\000\040\000S\000e\000q\000u\000e\000n\000c\000e\000\040\000D\000i\000a\000g\000r\000a\000m}{section.2.2}% 43
\BOOKMARK [2][-]{subsection.2.2.5}{\376\377\000C\000l\000a\000s\000s\000\040\000D\000i\000a\000g\000r\000a\000m}{section.2.2}% 44
\BOOKMARK [2][-]{subsection.2.2.6}{\376\377\000F\000i\000t\000n\000e\000s\000s\000\040\000E\000v\000a\000l\000u\000a\000t\000i\000o\000n}{section.2.2}% 45
\BOOKMARK [0][-]{chapter.3}{\376\377\000C\000\300\000I\000\040\001\020\036\266\000T\000\040\000V\000\300\000\040\000T\000R\000I\036\302\000N\000\040\000K\000H\000A\000I}{}% 46
\BOOKMARK [1][-]{section.3.1}{\376\377\000M\000\364\000i\000\040\000t\000r\001\260\036\335\000n\000g\000\040\000p\000h\000\341\000t\000\040\000t\000r\000i\036\303\000n}{chapter.3}% 47
\BOOKMARK [2][-]{subsection.3.1.1}{\376\377\000C\036\245\000u\000\040\000t\000r\000\372\000c\000\040\000d\036\361\000\040\000\341\000n}{section.3.1}% 48
\BOOKMARK [1][-]{section.3.2}{\376\377\000T\000r\000i\036\303\000n\000\040\000k\000h\000a\000i\000\040\000c\000\341\000c\000\040\000m\000o\000d\000u\000l\000e\000\040\000c\036\321\000t\000\040\000l\000\365\000i}{chapter.3}% 49
\BOOKMARK [2][-]{subsection.3.2.1}{\376\377\000C\000o\000r\000e\000\040\000G\000a\000m\000e\000\040\000L\000a\000y\000e\000r}{section.3.2}% 50
\BOOKMARK [2][-]{subsection.3.2.2}{\376\377\000A\000I\000\040\000A\000g\000e\000n\000t}{section.3.2}% 51
\BOOKMARK [1][-]{section.3.3}{\376\377\000T\000r\000i\036\303\000n\000\040\000k\000h\000a\000i\000\040\000c\000\341\000c\000\040\000m\000o\000d\000u\000l\000e\000\040\000t\036\321\000i\000\040\001\260\000u\000\040\000h\000\363\000a}{chapter.3}% 52
\BOOKMARK [2][-]{subsection.3.3.1}{\376\377\000G\000A\000\040\001\021\001\241\000n\000\040\000m\036\345\000c\000\040\000t\000i\000\352\000u}{section.3.3}% 53
\BOOKMARK [2][-]{subsection.3.3.2}{\376\377\000N\000S\000G\000A\000-\000I\000I\000\040\001\021\000a\000\040\000m\036\345\000c\000\040\000t\000i\000\352\000u}{section.3.3}% 54
\BOOKMARK [1][-]{section.3.4}{\376\377\000T\000h\000\341\000c\000h\000\040\000t\000h\036\351\000c\000\040\000v\000\340\000\040\000g\000i\036\243\000i\000\040\000p\000h\000\341\000p}{chapter.3}% 55
\BOOKMARK [0][-]{chapter.4}{\376\377\000T\000H\036\360\000C\000\040\000N\000G\000H\000I\036\306\000M\000\040\000V\000\300\000\040\001\020\000\301\000N\000H\000\040\000G\000I\000\301}{}% 56
\BOOKMARK [1][-]{section.4.1}{\376\377\000T\000h\000i\036\277\000t\000\040\000l\036\255\000p\000\040\000t\000h\036\361\000c\000\040\000n\000g\000h\000i\036\307\000m}{chapter.4}% 57
\BOOKMARK [2][-]{subsection.4.1.1}{\376\377\000C\036\245\000u\000\040\000h\000\354\000n\000h\000\040\000h\036\307\000\040\000t\000h\036\321\000n\000g}{section.4.1}% 58
\BOOKMARK [2][-]{subsection.4.1.2}{\376\377\000T\000h\000a\000m\000\040\000s\036\321\000\040\000t\000h\000u\036\255\000t\000\040\000t\000o\000\341\000n}{section.4.1}% 59
\BOOKMARK [2][-]{subsection.4.1.3}{\376\377\000C\000\341\000c\000\040\000c\000h\036\311\000\040\000s\036\321\000\040\000m\036\345\000c\000\040\000t\000i\000\352\000u\000\040\000\050\000T\000a\000r\000g\000e\000t\000\040\000M\000e\000t\000r\000i\000c\000s\000\051}{section.4.1}% 60
\BOOKMARK [1][-]{section.4.2}{\376\377\000K\036\277\000t\000\040\000q\000u\036\243\000\040\000t\000h\036\361\000c\000\040\000n\000g\000h\000i\036\307\000m}{chapter.4}% 61
\BOOKMARK [2][-]{subsection.4.2.1}{\376\377\000P\000h\001\260\001\241\000n\000g\000\040\000p\000h\000\341\000p\000\040\0001\000:\000\040\000G\000A\000\040\001\021\001\241\000n\000\040\000m\036\345\000c\000\040\000t\000i\000\352\000u}{section.4.2}% 62
\BOOKMARK [2][-]{subsection.4.2.2}{\376\377\000P\000h\001\260\001\241\000n\000g\000\040\000p\000h\000\341\000p\000\040\0002\000:\000\040\000N\000S\000G\000A\000-\000I\000I\000\040\001\021\000a\000\040\000m\036\345\000c\000\040\000t\000i\000\352\000u}{section.4.2}% 63
\BOOKMARK [2][-]{subsection.4.2.3}{\376\377\000S\000o\000\040\000s\000\341\000n\000h\000\040\000h\000a\000i\000\040\000p\000h\001\260\001\241\000n\000g\000\040\000p\000h\000\341\000p}{section.4.2}% 64
\BOOKMARK [1][-]{section.4.3}{\376\377\000P\000h\000\342\000n\000\040\000t\000\355\000c\000h\000\040\000q\000u\000\341\000\040\000t\000r\000\354\000n\000h\000\040\000t\000i\036\277\000n\000\040\000h\000\363\000a}{chapter.4}% 65
\BOOKMARK [2][-]{subsection.4.3.1}{\376\377\000G\000A\000\040\000E\000v\000o\000l\000u\000t\000i\000o\000n\000\040\000T\000r\000a\000c\000k\000i\000n\000g}{section.4.3}% 66
\BOOKMARK [2][-]{subsection.4.3.2}{\376\377\000C\000a\000r\000d\000\040\000B\000a\000l\000a\000n\000c\000e\000\040\000A\000n\000a\000l\000y\000s\000i\000s}{section.4.3}% 67
\BOOKMARK [2][-]{subsection.4.3.3}{\376\377\000N\000S\000G\000A\000-\000I\000I\000\040\000P\000a\000r\000e\000t\000o\000\040\000F\000r\000o\000n\000t\000\040\000A\000n\000a\000l\000y\000s\000i\000s}{section.4.3}% 68
\BOOKMARK [2][-]{subsection.4.3.4}{\376\377\000O\000b\000j\000e\000c\000t\000i\000v\000e\000s\000\040\000E\000v\000o\000l\000u\000t\000i\000o\000n\000\040\000O\000v\000e\000r\000\040\000T\000i\000m\000e}{section.4.3}% 69
\BOOKMARK [1][-]{section.4.4}{\376\377\000P\000h\000\342\000n\000\040\000t\000\355\000c\000h\000\040\000c\000h\000i\000\040\000t\000i\036\277\000t}{chapter.4}% 70
\BOOKMARK [2][-]{subsection.4.4.1}{\376\377\000S\000t\000a\000t\000i\000s\000t\000i\000c\000a\000l\000\040\000S\000i\000g\000n\000i\000f\000i\000c\000a\000n\000c\000e\000\040\000A\000n\000a\000l\000y\000s\000i\000s}{section.4.4}% 71
\BOOKMARK [2][-]{subsection.4.4.2}{\376\377\000C\000o\000n\000v\000e\000r\000g\000e\000n\000c\000e\000\040\000A\000n\000a\000l\000y\000s\000i\000s}{section.4.4}% 72
\BOOKMARK [2][-]{subsection.4.4.3}{\376\377\000S\000e\000n\000s\000i\000t\000i\000v\000i\000t\000y\000\040\000A\000n\000a\000l\000y\000s\000i\000s}{section.4.4}% 73
\BOOKMARK [0][-]{chapter.5}{\376\377\000K\036\276\000T\000\040\000L\000U\036\254\000N\000\040\000V\000\300\000\040\000H\001\257\036\332\000N\000G\000\040\000P\000H\000\301\000T\000\040\000T\000R\000I\036\302\000N}{}% 74
\BOOKMARK [1][-]{section.5.1}{\376\377\000T\036\325\000n\000g\000\040\000k\036\277\000t\000\040\000k\036\277\000t\000\040\000q\000u\036\243\000\040\001\021\036\241\000t\000\040\001\021\001\260\036\343\000c}{chapter.5}% 75
\BOOKMARK [1][-]{section.5.2}{\376\377\001\020\000\363\000n\000g\000\040\000g\000\363\000p\000\040\000c\036\347\000a\000\040\001\021\036\301\000\040\000t\000\340\000i}{chapter.5}% 76
\BOOKMARK [1][-]{section.5.3}{\376\377\000H\036\241\000n\000\040\000c\000h\036\277\000\040\000c\036\347\000a\000\040\000n\000g\000h\000i\000\352\000n\000\040\000c\036\351\000u}{chapter.5}% 77
\BOOKMARK [1][-]{section.5.4}{\376\377\000H\001\260\036\333\000n\000g\000\040\000p\000h\000\341\000t\000\040\000t\000r\000i\036\303\000n\000\040\000t\000r\000o\000n\000g\000\040\000t\001\260\001\241\000n\000g\000\040\000l\000a\000i}{chapter.5}% 78
\BOOKMARK [1][-]{section.5.5}{\376\377\000K\036\277\000t\000\040\000l\000u\036\255\000n\000\040\000c\000u\036\321\000i\000\040\000c\000\371\000n\000g}{chapter.5}% 79
\BOOKMARK [0][-]{chapter*.36}{\376\377\000P\000h\036\345\000\040\000l\036\345\000c}{}% 80
\BOOKMARK [0][-]{section*.46}{\376\377\000T\000\300\000I\000\040\000L\000I\036\306\000U\000\040\000T\000H\000A\000M\000\040\000K\000H\036\242\000O}{}% 81
